<?xml version="1.0" encoding="utf-8"?><testsuites><testsuite name="pytest" errors="0" failures="0" skipped="0" tests="2" time="12.428" timestamp="2025-02-17T23:03:14.229251+00:00" hostname="ip-172-31-28-60"><testcase classname="test.integration.api_test.TestApi" name="test_api_gettodo" time="8.878" /><testcase classname="test.integration.api_test.TestApi" name="test_api_listtodos" time="3.439" /></testsuite></testsuites>