<?xml version="1.0" encoding="utf-8"?><testsuites><testsuite name="pytest" errors="0" failures="0" skipped="0" tests="5" time="18.951" timestamp="2025-02-17T22:34:39.326651+00:00" hostname="ip-172-31-28-60"><testcase classname="test.integration.api_test.TestApi" name="test_api_addtodo" time="6.018" /><testcase classname="test.integration.api_test.TestApi" name="test_api_deletetodo" time="4.094" /><testcase classname="test.integration.api_test.TestApi" name="test_api_gettodo" time="1.144" /><testcase classname="test.integration.api_test.TestApi" name="test_api_listtodos" time="3.272" /><testcase classname="test.integration.api_test.TestApi" name="test_api_updatetodo" time="4.265" /></testsuite></testsuites>